<?xml version="1.0" encoding="utf-8"?><testsuites><testsuite name="pytest" errors="0" failures="0" skipped="0" tests="7" time="20.325" timestamp="2021-10-14T13:52:06.846200" hostname="QTM-WJONES-01"><testcase classname="azext_quantum.tests.latest.test_quantum_jobs.QuantumJobsScenarioTest" name="test_jobs" time="1.842" /><testcase classname="azext_quantum.tests.latest.test_quantum_jobs.QuantumJobsScenarioTest" name="test_submit_args" time="0.742" /><testcase classname="azext_quantum.tests.latest.test_quantum_targets.QuantumTargetsScenarioTest" name="test_targets" time="2.082" /><testcase classname="azext_quantum.tests.latest.test_quantum_jobs.QuantumJobsScenarioTest" name="test_parse_blob_url" time="0.087" /><testcase classname="azext_quantum.tests.latest.test_quantum_workspace.QuantumWorkspacesScenarioTest" name="test_workspace" time="2.591" /><testcase classname="azext_quantum.tests.latest.test_quantum_workspace.QuantumWorkspacesScenarioTest" name="test_workspace_create_destroy" time="6.948" /><testcase classname="azext_quantum.tests.latest.test_quantum_workspace.QuantumWorkspacesScenarioTest" name="test_version_check" time="13.921" /></testsuite></testsuites>