<?xml version="1.0" encoding="utf-8"?><testsuites><testsuite name="pytest" errors="0" failures="0" skipped="1" tests="20" time="430.338" timestamp="2023-12-07T16:19:59.462661" hostname="LAPTOP-9SMGOFQU"><testcase classname="azext_quantum.tests.latest.test_quantum_offerings.QuantumOfferingsScenarioTest" name="test_offerings_errors" time="0.421" /><testcase classname="azext_quantum.tests.latest.test_quantum_jobs.QuantumJobsScenarioTest" name="test_job_errors" time="0.845" /><testcase classname="azext_quantum.tests.latest.test_quantum_jobs.QuantumJobsScenarioTest" name="test_transform_output" time="0.051" /><testcase classname="azext_quantum.tests.latest.test_quantum_jobs.QuantumJobsScenarioTest" name="test_submit_args" time="1.999" /><testcase classname="azext_quantum.tests.latest.test_quantum_jobs.QuantumJobsScenarioTest" name="test_parse_blob_url" time="0.054" /><testcase classname="azext_quantum.tests.latest.test_quantum_jobs.QuantumJobsScenarioTest" name="test_build" time="12.983" /><testcase classname="azext_quantum.tests.latest.test_quantum_jobs.QuantumJobsScenarioTest" name="test_validate_max_poll_wait_secs" time="0.029" /><testcase classname="azext_quantum.tests.latest.test_quantum_jobs.QuantumJobsScenarioTest" name="test_submit" time="352.089" /><testcase classname="azext_quantum.tests.latest.test_quantum_targets.QuantumTargetsScenarioTest" name="test_target_errors" time="0.610" /><testcase classname="azext_quantum.tests.latest.test_quantum_targets.QuantumTargetsScenarioTest" name="test_get_provider" time="425.774" /><testcase classname="azext_quantum.tests.latest.test_quantum_workspace.QuantumWorkspacesScenarioTest" name="test_autoadd_providers" time="0.036" /><testcase classname="azext_quantum.tests.latest.test_quantum_workspace.QuantumWorkspacesScenarioTest" name="test_version_check" time="24.123" /><testcase classname="azext_quantum.tests.latest.test_quantum_jobs.QuantumJobsScenarioTest" name="test_jobs" time="3.467" /><testcase classname="azext_quantum.tests.latest.test_quantum_jobs.QuantumJobsScenarioTest" name="test_submit_dft" time="267.294" /><testcase classname="azext_quantum.tests.latest.test_quantum_workspace.QuantumWorkspacesScenarioTest" name="test_workspace_create_destroy" time="0.036"><skipped type="pytest.skip" message="Skipping test_workspace_create_destroy: One or more providers in 'microsoft-qc/learn-and-develop' not found in AZURE_QUANTUM_CAPABILITIES">C:\Users\kikomiss\Projects\kikomiss-azure-cli-extensions\src\quantum\azext_quantum\tests\latest\test_quantum_workspace.py:88: Skipping test_workspace_create_destroy: One or more providers in 'microsoft-qc/learn-and-develop' not found in AZURE_QUANTUM_CAPABILITIES</skipped></testcase><testcase classname="azext_quantum.tests.latest.test_quantum_jobs.QuantumJobsScenarioTest" name="test_convert_numeric_params" time="0.021" /><testcase classname="azext_quantum.tests.latest.test_quantum_workspace.QuantumWorkspacesScenarioTest" name="test_workspace" time="6.752" /><testcase classname="azext_quantum.tests.latest.test_quantum_workspace.QuantumWorkspacesScenarioTest" name="test_workspace_errors" time="0.130" /><testcase classname="azext_quantum.tests.latest.test_quantum_targets.QuantumTargetsScenarioTest" name="test_targets" time="2.891" /><testcase classname="azext_quantum.tests.latest.test_quantum_workspace.QuantumWorkspacesScenarioTest" name="test_validate_storage_account" time="0.023" /></testsuite></testsuites>